[debug] [2021-07-26T15:15:28.933Z] ----------------------------------------------------------------------
[debug] [2021-07-26T15:15:28.939Z] Command:       /usr/local/bin/node /usr/local/bin/firebase deploy
[debug] [2021-07-26T15:15:28.939Z] CLI Version:   8.9.0
[debug] [2021-07-26T15:15:28.940Z] Platform:      linux
[debug] [2021-07-26T15:15:28.940Z] Node Version:  v12.18.1
[debug] [2021-07-26T15:15:28.941Z] Time:          Mon Jul 26 2021 23:15:28 GMT+0800 (Malaysia Time)
[debug] [2021-07-26T15:15:28.942Z] ----------------------------------------------------------------------
[debug] [2021-07-26T15:15:28.942Z] 
[debug] [2021-07-26T15:15:28.954Z] > command requires scopes: ["email","openid","https://www.googleapis.com/auth/cloudplatformprojects.readonly","https://www.googleapis.com/auth/firebase","https://www.googleapis.com/auth/cloud-platform"]
[debug] [2021-07-26T15:15:28.956Z] > authorizing via signed-in user
[debug] [2021-07-26T15:15:28.956Z] [iam] checking project tdcx-assisment for permissions ["firebase.projects.get","firebasehosting.sites.update"]
[debug] [2021-07-26T15:15:28.960Z] > refreshing access token with scopes: ["email","https://www.googleapis.com/auth/cloud-platform","https://www.googleapis.com/auth/cloudplatformprojects.readonly","https://www.googleapis.com/auth/firebase","openid"]
[debug] [2021-07-26T15:15:28.961Z] >>> HTTP REQUEST POST https://www.googleapis.com/oauth2/v3/token  
 <request body omitted>
[debug] [2021-07-26T15:15:39.012Z] [iam] error while checking permissions, command may fail: FirebaseError: Authentication Error: Your credentials are no longer valid. Please run firebase login --reauth

For CI servers and headless environments, generate a new token with firebase login:ci
[debug] [2021-07-26T15:15:39.014Z] > refreshing access token with scopes: ["email","https://www.googleapis.com/auth/cloud-platform","https://www.googleapis.com/auth/cloudplatformprojects.readonly","https://www.googleapis.com/auth/firebase","openid"]
[debug] [2021-07-26T15:15:39.014Z] >>> HTTP REQUEST POST https://www.googleapis.com/oauth2/v3/token  
 <request body omitted>
[debug] [2021-07-26T15:15:49.029Z] Authentication Error: Your credentials are no longer valid. Please run firebase login --reauth

For CI servers and headless environments, generate a new token with firebase login:ci
[debug] [2021-07-26T15:15:49.030Z] FirebaseError: Authentication Error: Your credentials are no longer valid. Please run firebase login --reauth

For CI servers and headless environments, generate a new token with firebase login:ci
    at Object.<anonymous> (/usr/local/lib/node_modules/firebase-tools/lib/auth.js:23:32)
    at Module._compile (internal/modules/cjs/loader.js:1138:30)
    at Object.Module._extensions..js (internal/modules/cjs/loader.js:1158:10)
    at Module.load (internal/modules/cjs/loader.js:986:32)
    at Function.Module._load (internal/modules/cjs/loader.js:879:14)
    at Module.require (internal/modules/cjs/loader.js:1026:19)
    at require (internal/modules/cjs/helpers.js:72:18)
    at Object.<anonymous> (/usr/local/lib/node_modules/firebase-tools/lib/commands/login.js:20:14)
    at Module._compile (internal/modules/cjs/loader.js:1138:30)
    at Object.Module._extensions..js (internal/modules/cjs/loader.js:1158:10)
    at Module.load (internal/modules/cjs/loader.js:986:32)
    at Function.Module._load (internal/modules/cjs/loader.js:879:14)
    at Module.require (internal/modules/cjs/loader.js:1026:19)
    at require (internal/modules/cjs/helpers.js:72:18)
    at loadCommand (/usr/local/lib/node_modules/firebase-tools/lib/commands/index.js:5:19)
    at module.exports (/usr/local/lib/node_modules/firebase-tools/lib/commands/index.js:89:20)
[error] 
[error] Error: Failed to get Firebase project tdcx-assisment. Please make sure the project exists and your account has permission to access it.
